<?xml version="1.0" encoding="UTF-8"?>
<!-- Generated by org.testng.reporters.JUnitXMLReporter -->
<testsuite ignored="2" hostname="KUMARAN" failures="0" tests="3" name="Default test" time="0.204" errors="0" timestamp="2022-10-21T11:09:19 IST">
  <testcase classname="com.testng.Testng_Features_1" name="feb" time="0.027"/>
  <testcase classname="com.testng.Testng_Features_1" name="jan" time="0.007"/>
  <testcase classname="com.testng.Testng_Features_1" name="wednesday" time="0.012"/>
  <testcase classname="com.testng.Testng_Features_1" name="tuesday" time="0.0">
    <ignored/>
  </testcase> <!-- tuesday -->
  <testcase classname="com.testng.Testng_Features_1" name="thrusday" time="0.0">
    <ignored/>
  </testcase> <!-- thrusday -->
</testsuite> <!-- Default test -->
