<?xml version="1.0" encoding="UTF-8"?>
<!-- Generated by org.testng.reporters.JUnitXMLReporter -->
<testsuite ignored="3" hostname="KUMARAN" failures="0" tests="2" name="Test" time="0.174" errors="0" timestamp="2022-10-21T11:08:37 IST">
  <testcase classname="com.testng.Testng_Features" name="feb" time="0.029"/>
  <testcase classname="com.testng.Testng_Features" name="jan" time="0.007"/>
  <testcase classname="com.testng.Testng_Features" name="tuesday" time="0.0">
    <ignored/>
  </testcase> <!-- tuesday -->
  <testcase classname="com.testng.Testng_Features" name="thrusday" time="0.0">
    <ignored/>
  </testcase> <!-- thrusday -->
  <testcase classname="com.testng.Testng_Features" name="wednesday" time="0.0">
    <ignored/>
  </testcase> <!-- wednesday -->
</testsuite> <!-- Test -->
