<?xml version="1.0" encoding="UTF-8"?>
<testng-results ignored="2" total="5" passed="3" failed="0" skipped="0">
  <reporter-output>
  </reporter-output>
  <suite started-at="2022-10-21T11:09:19 IST" name="Default suite" finished-at="2022-10-21T11:09:19 IST" duration-ms="204">
    <groups>
    </groups>
    <test started-at="2022-10-21T11:09:19 IST" name="Default test" finished-at="2022-10-21T11:09:19 IST" duration-ms="204">
      <class name="com.testng.Testng_Features_1">
        <test-method signature="feb()[pri:0, instance:com.testng.Testng_Features_1@1eb5174b]" started-at="2022-10-21T11:09:19 IST" name="feb" finished-at="2022-10-21T11:09:19 IST" duration-ms="27" status="PASS">
          <reporter-output>
          </reporter-output>
        </test-method> <!-- feb -->
        <test-method signature="jan()[pri:0, instance:com.testng.Testng_Features_1@1eb5174b]" started-at="2022-10-21T11:09:19 IST" name="jan" finished-at="2022-10-21T11:09:19 IST" duration-ms="7" status="PASS">
          <reporter-output>
          </reporter-output>
        </test-method> <!-- jan -->
        <test-method signature="wednesday()[pri:0, instance:com.testng.Testng_Features_1@1eb5174b]" started-at="2022-10-21T11:09:19 IST" name="wednesday" finished-at="2022-10-21T11:09:19 IST" duration-ms="12" status="PASS">
          <reporter-output>
          </reporter-output>
        </test-method> <!-- wednesday -->
      </class> <!-- com.testng.Testng_Features_1 -->
    </test> <!-- Default test -->
  </suite> <!-- Default suite -->
</testng-results>
